This file contains any messages produced by compilers while
running configure, to aid debugging if configure makes a mistake.

It was created by configure, which was
generated by GNU Autoconf 2.60.  Invocation command line was

  $ ./configure 

## --------- ##
## Platform. ##
## --------- ##

hostname = vertigo
uname -m = i686
uname -r = 2.6.18.2-34-bigsmp
uname -s = Linux
uname -v = #1 SMP Mon Nov 27 11:46:27 UTC 2006

/usr/bin/uname -p = unknown
/bin/uname -X     = unknown

/bin/arch              = i686
/usr/bin/arch -k       = unknown
/usr/convex/getsysinfo = unknown
/usr/bin/hostinfo      = unknown
/bin/machine           = unknown
/usr/bin/oslevel       = unknown
/bin/universe          = unknown

PATH: /home/andrew/bin
PATH: /usr/local/bin
PATH: /usr/bin
PATH: /usr/X11R6/bin
PATH: /bin
PATH: /usr/games
PATH: /opt/gnome/bin
PATH: /opt/kde3/bin
PATH: /usr/lib/jvm/jre/bin
PATH: /usr/lib/mit/bin
PATH: /usr/lib/mit/sbin
PATH: /home/andrew/opt/qt/bin
PATH: /home/andrew/opt/qt/bin
PATH: /home/andrew/opt/qt/bin
PATH: /home/andrew/opt/qt/bin


## ----------- ##
## Core tests. ##
## ----------- ##

configure:1739: checking build system type
configure:1757: result: i686-pc-linux-gnu
configure:1779: checking host system type
configure:1794: result: i686-pc-linux-gnu
configure:1882: checking for gcc
configure:1898: found /usr/bin/gcc
configure:1909: result: gcc
configure:2147: checking for C compiler version
configure:2154: gcc --version >&5
gcc (GCC) 4.1.2 20061115 (prerelease) (SUSE Linux)
Copyright (C) 2006 Free Software Foundation, Inc.
This is free software; see the source for copying conditions.  There is NO
warranty; not even for MERCHANTABILITY or FITNESS FOR A PARTICULAR PURPOSE.

configure:2157: $? = 0
configure:2164: gcc -v >&5
Using built-in specs.
Target: i586-suse-linux
Configured with: ../configure --enable-threads=posix --prefix=/usr --with-local-prefix=/usr/local --infodir=/usr/share/info --mandir=/usr/share/man --libdir=/usr/lib --libexecdir=/usr/lib --enable-languages=c,c++,objc,fortran,obj-c++,java,ada --enable-checking=release --with-gxx-include-dir=/usr/include/c++/4.1.2 --enable-ssp --disable-libssp --disable-libgcj --with-slibdir=/lib --with-system-zlib --enable-shared --enable-__cxa_atexit --enable-libstdcxx-allocator=new --program-suffix=-4.1 --enable-version-specific-runtime-libs --without-system-libunwind --with-cpu=generic --host=i586-suse-linux
Thread model: posix
gcc version 4.1.2 20061115 (prerelease) (SUSE Linux)
configure:2167: $? = 0
configure:2174: gcc -V >&5
gcc: '-V' option must have argument
configure:2177: $? = 1
configure:2200: checking for C compiler default output file name
configure:2227: gcc    conftest.c  >&5
configure:2230: $? = 0
configure:2276: result: a.out
configure:2281: checking whether the C compiler works
configure:2291: ./a.out
configure:2294: $? = 0
configure:2311: result: yes
configure:2318: checking whether we are cross compiling
configure:2320: result: no
configure:2323: checking for suffix of executables
configure:2330: gcc -o conftest    conftest.c  >&5
configure:2333: $? = 0
configure:2357: result: 
configure:2363: checking for suffix of object files
configure:2389: gcc -c   conftest.c >&5
configure:2392: $? = 0
configure:2415: result: o
configure:2419: checking whether we are using the GNU C compiler
configure:2448: gcc -c   conftest.c >&5
configure:2454: $? = 0
configure:2461: test -z "$ac_c_werror_flag" || test ! -s conftest.err
configure:2464: $? = 0
configure:2471: test -s conftest.o
configure:2474: $? = 0
configure:2488: result: yes
configure:2493: checking whether gcc accepts -g
configure:2523: gcc -c -g  conftest.c >&5
configure:2529: $? = 0
configure:2536: test -z "$ac_c_werror_flag" || test ! -s conftest.err
configure:2539: $? = 0
configure:2546: test -s conftest.o
configure:2549: $? = 0
configure:2679: result: yes
configure:2696: checking for gcc option to accept ISO C89
configure:2770: gcc  -c -g -O2  conftest.c >&5
configure:2776: $? = 0
configure:2783: test -z "$ac_c_werror_flag" || test ! -s conftest.err
configure:2786: $? = 0
configure:2793: test -s conftest.o
configure:2796: $? = 0
configure:2816: result: none needed
configure:2839: checking how to run the C preprocessor
configure:2879: gcc -E  conftest.c
configure:2885: $? = 0
configure:2923: gcc -E  conftest.c
conftest.c:9:28: error: ac_nonexistent.h: No such file or directory
configure:2929: $? = 1
configure: failed program was:
| /* confdefs.h.  */
| #define PACKAGE_NAME ""
| #define PACKAGE_TARNAME ""
| #define PACKAGE_VERSION ""
| #define PACKAGE_STRING ""
| #define PACKAGE_BUGREPORT ""
| #define LINUX 1
| /* end confdefs.h.  */
| #include <ac_nonexistent.h>
configure:2969: result: gcc -E
configure:2998: gcc -E  conftest.c
configure:3004: $? = 0
configure:3042: gcc -E  conftest.c
conftest.c:9:28: error: ac_nonexistent.h: No such file or directory
configure:3048: $? = 1
configure: failed program was:
| /* confdefs.h.  */
| #define PACKAGE_NAME ""
| #define PACKAGE_TARNAME ""
| #define PACKAGE_VERSION ""
| #define PACKAGE_STRING ""
| #define PACKAGE_BUGREPORT ""
| #define LINUX 1
| /* end confdefs.h.  */
| #include <ac_nonexistent.h>
configure:3150: checking for g++
configure:3166: found /usr/bin/g++
configure:3177: result: g++
configure:3208: checking for C++ compiler version
configure:3215: g++ --version >&5
g++ (GCC) 4.1.2 20061115 (prerelease) (SUSE Linux)
Copyright (C) 2006 Free Software Foundation, Inc.
This is free software; see the source for copying conditions.  There is NO
warranty; not even for MERCHANTABILITY or FITNESS FOR A PARTICULAR PURPOSE.

configure:3218: $? = 0
configure:3225: g++ -v >&5
Using built-in specs.
Target: i586-suse-linux
Configured with: ../configure --enable-threads=posix --prefix=/usr --with-local-prefix=/usr/local --infodir=/usr/share/info --mandir=/usr/share/man --libdir=/usr/lib --libexecdir=/usr/lib --enable-languages=c,c++,objc,fortran,obj-c++,java,ada --enable-checking=release --with-gxx-include-dir=/usr/include/c++/4.1.2 --enable-ssp --disable-libssp --disable-libgcj --with-slibdir=/lib --with-system-zlib --enable-shared --enable-__cxa_atexit --enable-libstdcxx-allocator=new --program-suffix=-4.1 --enable-version-specific-runtime-libs --without-system-libunwind --with-cpu=generic --host=i586-suse-linux
Thread model: posix
gcc version 4.1.2 20061115 (prerelease) (SUSE Linux)
configure:3228: $? = 0
configure:3235: g++ -V >&5
g++: '-V' option must have argument
configure:3238: $? = 1
configure:3241: checking whether we are using the GNU C++ compiler
configure:3270: g++ -c   conftest.cpp >&5
configure:3276: $? = 0
configure:3283: test -z "$ac_cxx_werror_flag" || test ! -s conftest.err
configure:3286: $? = 0
configure:3293: test -s conftest.o
configure:3296: $? = 0
configure:3310: result: yes
configure:3315: checking whether g++ accepts -g
configure:3345: g++ -c -g  conftest.cpp >&5
configure:3351: $? = 0
configure:3358: test -z "$ac_cxx_werror_flag" || test ! -s conftest.err
configure:3361: $? = 0
configure:3368: test -s conftest.o
configure:3371: $? = 0
configure:3501: result: yes
configure:3537: checking for a BSD-compatible install
configure:3593: result: /usr/bin/install -c
configure:3606: checking for find
configure:3622: found /usr/bin/find
configure:3634: result: find
configure:3644: checking for makedepend
configure:3660: found /usr/bin/makedepend
configure:3672: result: makedepend
configure:3687: checking for X
configure:3864: gcc -o conftest -g -O2   conftest.c -lXt  >&5
configure:3870: $? = 0
configure:3877: test -z "$ac_c_werror_flag" || test ! -s conftest.err
configure:3880: $? = 0
configure:3887: test -s conftest
configure:3890: $? = 0
configure:3945: result: libraries , headers 
configure:4148: gcc -o conftest -g -O2   conftest.c   -lX11 >&5
configure:4154: $? = 0
configure:4161: test -z "$ac_c_werror_flag" || test ! -s conftest.err
configure:4164: $? = 0
configure:4171: test -s conftest
configure:4174: $? = 0
configure:4359: checking for gethostbyname
configure:4415: gcc -o conftest -g -O2   conftest.c  >&5
configure:4421: $? = 0
configure:4428: test -z "$ac_c_werror_flag" || test ! -s conftest.err
configure:4431: $? = 0
configure:4438: test -s conftest
configure:4441: $? = 0
configure:4454: result: yes
configure:4631: checking for connect
configure:4687: gcc -o conftest -g -O2   conftest.c  >&5
configure:4693: $? = 0
configure:4700: test -z "$ac_c_werror_flag" || test ! -s conftest.err
configure:4703: $? = 0
configure:4710: test -s conftest
configure:4713: $? = 0
configure:4726: result: yes
configure:4814: checking for remove
configure:4870: gcc -o conftest -g -O2   conftest.c  >&5
configure:4876: $? = 0
configure:4883: test -z "$ac_c_werror_flag" || test ! -s conftest.err
configure:4886: $? = 0
configure:4893: test -s conftest
configure:4896: $? = 0
configure:4909: result: yes
configure:4997: checking for shmat
configure:5053: gcc -o conftest -g -O2   conftest.c  >&5
configure:5059: $? = 0
configure:5066: test -z "$ac_c_werror_flag" || test ! -s conftest.err
configure:5069: $? = 0
configure:5076: test -s conftest
configure:5079: $? = 0
configure:5092: result: yes
configure:5189: checking for IceConnectionNumber in -lICE
configure:5224: gcc -o conftest -g -O2   conftest.c -lICE   >&5
configure:5230: $? = 0
configure:5237: test -z "$ac_c_werror_flag" || test ! -s conftest.err
configure:5240: $? = 0
configure:5247: test -s conftest
configure:5250: $? = 0
configure:5264: result: yes
configure:5283: checking for grep that handles long lines and -e
configure:5357: result: /usr/bin/grep
configure:5362: checking for egrep
configure:5440: result: /usr/bin/grep -E
configure:5445: checking for ANSI C header files
configure:5475: gcc -c -g -O2   conftest.c >&5
configure:5481: $? = 0
configure:5488: test -z "$ac_c_werror_flag" || test ! -s conftest.err
configure:5491: $? = 0
configure:5498: test -s conftest.o
configure:5501: $? = 0
configure:5597: gcc -o conftest -g -O2     -L/usr/local/lib conftest.c  >&5
configure:5600: $? = 0
configure:5606: ./conftest
configure:5609: $? = 0
configure:5626: result: yes
configure:5650: checking for sys/types.h
configure:5671: gcc -c -g -O2   conftest.c >&5
configure:5677: $? = 0
configure:5684: test -z "$ac_c_werror_flag" || test ! -s conftest.err
configure:5687: $? = 0
configure:5694: test -s conftest.o
configure:5697: $? = 0
configure:5710: result: yes
configure:5650: checking for sys/stat.h
configure:5671: gcc -c -g -O2   conftest.c >&5
configure:5677: $? = 0
configure:5684: test -z "$ac_c_werror_flag" || test ! -s conftest.err
configure:5687: $? = 0
configure:5694: test -s conftest.o
configure:5697: $? = 0
configure:5710: result: yes
configure:5650: checking for stdlib.h
configure:5671: gcc -c -g -O2   conftest.c >&5
configure:5677: $? = 0
configure:5684: test -z "$ac_c_werror_flag" || test ! -s conftest.err
configure:5687: $? = 0
configure:5694: test -s conftest.o
configure:5697: $? = 0
configure:5710: result: yes
configure:5650: checking for string.h
configure:5671: gcc -c -g -O2   conftest.c >&5
configure:5677: $? = 0
configure:5684: test -z "$ac_c_werror_flag" || test ! -s conftest.err
configure:5687: $? = 0
configure:5694: test -s conftest.o
configure:5697: $? = 0
configure:5710: result: yes
configure:5650: checking for memory.h
configure:5671: gcc -c -g -O2   conftest.c >&5
configure:5677: $? = 0
configure:5684: test -z "$ac_c_werror_flag" || test ! -s conftest.err
configure:5687: $? = 0
configure:5694: test -s conftest.o
configure:5697: $? = 0
configure:5710: result: yes
configure:5650: checking for strings.h
configure:5671: gcc -c -g -O2   conftest.c >&5
configure:5677: $? = 0
configure:5684: test -z "$ac_c_werror_flag" || test ! -s conftest.err
configure:5687: $? = 0
configure:5694: test -s conftest.o
configure:5697: $? = 0
configure:5710: result: yes
configure:5650: checking for inttypes.h
configure:5671: gcc -c -g -O2   conftest.c >&5
configure:5677: $? = 0
configure:5684: test -z "$ac_c_werror_flag" || test ! -s conftest.err
configure:5687: $? = 0
configure:5694: test -s conftest.o
configure:5697: $? = 0
configure:5710: result: yes
configure:5650: checking for stdint.h
configure:5671: gcc -c -g -O2   conftest.c >&5
configure:5677: $? = 0
configure:5684: test -z "$ac_c_werror_flag" || test ! -s conftest.err
configure:5687: $? = 0
configure:5694: test -s conftest.o
configure:5697: $? = 0
configure:5710: result: yes
configure:5650: checking for unistd.h
configure:5671: gcc -c -g -O2   conftest.c >&5
configure:5677: $? = 0
configure:5684: test -z "$ac_c_werror_flag" || test ! -s conftest.err
configure:5687: $? = 0
configure:5694: test -s conftest.o
configure:5697: $? = 0
configure:5710: result: yes
configure:5737: checking limits.h usability
configure:5754: gcc -c -g -O2   conftest.c >&5
configure:5760: $? = 0
configure:5767: test -z "$ac_c_werror_flag" || test ! -s conftest.err
configure:5770: $? = 0
configure:5777: test -s conftest.o
configure:5780: $? = 0
configure:5791: result: yes
configure:5795: checking limits.h presence
configure:5810: gcc -E  conftest.c
configure:5816: $? = 0
configure:5837: result: yes
configure:5865: checking for limits.h
configure:5873: result: yes
configure:6024: creating ./config.status

## ---------------------- ##
## Running config.status. ##
## ---------------------- ##

This file was extended by config.status, which was
generated by GNU Autoconf 2.60.  Invocation command line was

  CONFIG_FILES    = 
  CONFIG_HEADERS  = 
  CONFIG_LINKS    = 
  CONFIG_COMMANDS = 
  $ ./config.status 

on vertigo

config.status:584: creating Makefile
config.status:584: creating test/Makefile

## ---------------- ##
## Cache variables. ##
## ---------------- ##

ac_cv_build=i686-pc-linux-gnu
ac_cv_c_compiler_gnu=yes
ac_cv_cxx_compiler_gnu=yes
ac_cv_env_CCC_set=
ac_cv_env_CCC_value=
ac_cv_env_CC_set=
ac_cv_env_CC_value=
ac_cv_env_CFLAGS_set=
ac_cv_env_CFLAGS_value=
ac_cv_env_CPPFLAGS_set=
ac_cv_env_CPPFLAGS_value=
ac_cv_env_CPP_set=
ac_cv_env_CPP_value=
ac_cv_env_CXXFLAGS_set=
ac_cv_env_CXXFLAGS_value=
ac_cv_env_CXX_set=
ac_cv_env_CXX_value=
ac_cv_env_LDFLAGS_set=
ac_cv_env_LDFLAGS_value=
ac_cv_env_XMKMF_set=
ac_cv_env_XMKMF_value=
ac_cv_env_build_alias_set=
ac_cv_env_build_alias_value=
ac_cv_env_host_alias_set=
ac_cv_env_host_alias_value=
ac_cv_env_target_alias_set=
ac_cv_env_target_alias_value=
ac_cv_func_connect=yes
ac_cv_func_gethostbyname=yes
ac_cv_func_remove=yes
ac_cv_func_shmat=yes
ac_cv_have_x='have_x=yes	ac_x_includes='\'''\''	ac_x_libraries='\'''\'''
ac_cv_header_inttypes_h=yes
ac_cv_header_limits_h=yes
ac_cv_header_memory_h=yes
ac_cv_header_stdc=yes
ac_cv_header_stdint_h=yes
ac_cv_header_stdlib_h=yes
ac_cv_header_string_h=yes
ac_cv_header_strings_h=yes
ac_cv_header_sys_stat_h=yes
ac_cv_header_sys_types_h=yes
ac_cv_header_unistd_h=yes
ac_cv_host=i686-pc-linux-gnu
ac_cv_lib_ICE_IceConnectionNumber=yes
ac_cv_objext=o
ac_cv_path_EGREP='/usr/bin/grep -E'
ac_cv_path_GREP=/usr/bin/grep
ac_cv_path_install='/usr/bin/install -c'
ac_cv_prog_CPP='gcc -E'
ac_cv_prog_FIND=find
ac_cv_prog_MAKEDEPEND=makedepend
ac_cv_prog_ac_ct_CC=gcc
ac_cv_prog_ac_ct_CXX=g++
ac_cv_prog_cc_c89=
ac_cv_prog_cc_g=yes
ac_cv_prog_cxx_g=yes

## ----------------- ##
## Output variables. ##
## ----------------- ##

CC='gcc'
CFLAGS='-g -O2 '
CPP='gcc -E'
CPPFLAGS=''
CXX='g++'
CXXFLAGS='-g -O2'
DEFS='-DPACKAGE_NAME=\"\" -DPACKAGE_TARNAME=\"\" -DPACKAGE_VERSION=\"\" -DPACKAGE_STRING=\"\" -DPACKAGE_BUGREPORT=\"\" -DLINUX=1 -DSTDC_HEADERS=1 -DHAVE_SYS_TYPES_H=1 -DHAVE_SYS_STAT_H=1 -DHAVE_STDLIB_H=1 -DHAVE_STRING_H=1 -DHAVE_MEMORY_H=1 -DHAVE_STRINGS_H=1 -DHAVE_INTTYPES_H=1 -DHAVE_STDINT_H=1 -DHAVE_UNISTD_H=1 -DHAVE_LIMITS_H=1'
ECHO_C=''
ECHO_N='-n'
ECHO_T=''
EGREP='/usr/bin/grep -E'
EXEEXT=''
FIND='find'
GREP='/usr/bin/grep'
INSTALL_DATA='${INSTALL} -m 644'
INSTALL_PROGRAM='${INSTALL}'
INSTALL_SCRIPT='${INSTALL}'
LDFLAGS='  -L/usr/local/lib'
LIBOBJS=''
LIBS=''
LTLIBOBJS=''
MAKEDEPEND='makedepend'
OBJEXT='o'
PACKAGE_BUGREPORT=''
PACKAGE_NAME=''
PACKAGE_STRING=''
PACKAGE_TARNAME=''
PACKAGE_VERSION=''
PATH_SEPARATOR=':'
SHELL='/bin/sh'
XMKMF=''
X_CFLAGS=''
X_EXTRA_LIBS=''
X_LIBS=''
X_PRE_LIBS=' -lSM -lICE'
ac_ct_CC='gcc'
ac_ct_CXX='g++'
bindir='${exec_prefix}/bin'
build='i686-pc-linux-gnu'
build_alias=''
build_cpu='i686'
build_os='linux-gnu'
build_vendor='pc'
datadir='${datarootdir}'
datarootdir='${prefix}/share'
docdir='${datarootdir}/doc/${PACKAGE}'
dvidir='${docdir}'
exec_prefix='${prefix}'
host='i686-pc-linux-gnu'
host_alias=''
host_cpu='i686'
host_os='linux-gnu'
host_vendor='pc'
htmldir='${docdir}'
includedir='${prefix}/include'
infodir='${datarootdir}/info'
libdir='${exec_prefix}/lib'
libexecdir='${exec_prefix}/libexec'
localedir='${datarootdir}/locale'
localstatedir='${prefix}/var'
mandir='${datarootdir}/man'
oldincludedir='/usr/include'
pdfdir='${docdir}'
prefix='/usr/local'
program_transform_name='s,x,x,'
psdir='${docdir}'
sbindir='${exec_prefix}/sbin'
sharedstatedir='${prefix}/com'
sysconfdir='${prefix}/etc'
target_alias=''

## ----------- ##
## confdefs.h. ##
## ----------- ##

#define PACKAGE_NAME ""
#define PACKAGE_TARNAME ""
#define PACKAGE_VERSION ""
#define PACKAGE_STRING ""
#define PACKAGE_BUGREPORT ""
#define LINUX 1
#define STDC_HEADERS 1
#define HAVE_SYS_TYPES_H 1
#define HAVE_SYS_STAT_H 1
#define HAVE_STDLIB_H 1
#define HAVE_STRING_H 1
#define HAVE_MEMORY_H 1
#define HAVE_STRINGS_H 1
#define HAVE_INTTYPES_H 1
#define HAVE_STDINT_H 1
#define HAVE_UNISTD_H 1
#define HAVE_LIMITS_H 1

configure: exit 0
